\BOOKMARK [1][-]{section.1}{Project Overview}{}% 1
\BOOKMARK [1][-]{section.2}{Project Proposal}{}% 2
\BOOKMARK [2][-]{subsection.2.1}{Sponsor Proposal}{section.2}% 3
\BOOKMARK [2][-]{subsection.2.2}{The Goal}{section.2}% 4
\BOOKMARK [2][-]{subsection.2.3}{Our Starting Point}{section.2}% 5
\BOOKMARK [2][-]{subsection.2.4}{Requirements}{section.2}% 6
\BOOKMARK [1][-]{section.3}{Schedule}{}% 7
\BOOKMARK [1][-]{section.4}{Hardware}{}% 8
\BOOKMARK [2][-]{subsection.4.1}{Welder Control}{section.4}% 9
\BOOKMARK [2][-]{subsection.4.2}{Breakout Boards}{section.4}% 10
\BOOKMARK [2][-]{subsection.4.3}{Temperature Sensor}{section.4}% 11
\BOOKMARK [2][-]{subsection.4.4}{Incremental Encoder}{section.4}% 12
\BOOKMARK [2][-]{subsection.4.5}{Relay and Indication Module}{section.4}% 13
\BOOKMARK [2][-]{subsection.4.6}{Stepper Motor Controller}{section.4}% 14
\BOOKMARK [2][-]{subsection.4.7}{PWM Controller}{section.4}% 15
\BOOKMARK [2][-]{subsection.4.8}{Current Sensor}{section.4}% 16
\BOOKMARK [2][-]{subsection.4.9}{Wire Speed}{section.4}% 17
\BOOKMARK [2][-]{subsection.4.10}{Pin Assignments}{section.4}% 18
\BOOKMARK [1][-]{section.5}{Software}{}% 19
\BOOKMARK [2][-]{subsection.5.1}{Software Description}{section.5}% 20
\BOOKMARK [2][-]{subsection.5.2}{G-Code}{section.5}% 21
\BOOKMARK [2][-]{subsection.5.3}{Control Program}{section.5}% 22
\BOOKMARK [2][-]{subsection.5.4}{Register Descriptions}{section.5}% 23
\BOOKMARK [2][-]{subsection.5.5}{GUI Description}{section.5}% 24
\BOOKMARK [2][-]{subsection.5.6}{The Graphical User Interface \(GUI\)}{section.5}% 25
\BOOKMARK [2][-]{subsection.5.7}{Reasons for using GTK+}{section.5}% 26
\BOOKMARK [2][-]{subsection.5.8}{Examples of GUIs created using GTK+}{section.5}% 27
\BOOKMARK [1][-]{section.6}{Testing}{}% 28
\BOOKMARK [2][-]{subsection.6.1}{CNC Confirmation Test}{section.6}% 29
\BOOKMARK [2][-]{subsection.6.2}{Wire Feed Test}{section.6}% 30
\BOOKMARK [2][-]{subsection.6.3}{Weld Quality Test}{section.6}% 31
\BOOKMARK [2][-]{subsection.6.4}{Degrees to Wire Speed Test}{section.6}% 32
\BOOKMARK [1][-]{section.7}{Problems Faced}{}% 33
\BOOKMARK [1][-]{section.8}{Future Work}{}% 34
\BOOKMARK [1][-]{section.9}{Photos and Videos of Progress}{}% 35
\BOOKMARK [1][-]{section.10}{Bill of Materials \(BOM\)}{}% 36
\BOOKMARK [1][-]{section*.4}{Appendix A}{}% 37
\BOOKMARK [1][-]{section*.5}{Appendix B}{}% 38
\BOOKMARK [1][-]{section*.6}{Appendix C}{}% 39
\BOOKMARK [1][-]{section*.7}{Appendix D}{}% 40
\BOOKMARK [1][-]{section*.8}{Appendix E}{}% 41
